\BOOKMARK [0][-]{chapter.1}{\376\377\000I\000N\000T\000R\000O\000D\000U\000C\000T\000I\000O\000N}{}% 1
\BOOKMARK [1][-]{section.1.1}{\376\377\000P\000r\000o\000b\000l\000e\000m\000\040\000S\000t\000a\000t\000e\000m\000e\000n\000t}{chapter.1}% 2
\BOOKMARK [1][-]{section.1.2}{\376\377\000B\000a\000c\000k\000g\000r\000o\000u\000n\000d\000\040\000a\000n\000d\000\040\000P\000r\000o\000b\000l\000e\000m\000s\000\040\000o\000f\000\040\000R\000e\000s\000e\000a\000r\000c\000h}{chapter.1}% 3
\BOOKMARK [1][-]{section.1.3}{\376\377\000C\000o\000n\000t\000r\000i\000b\000u\000t\000i\000o\000n\000s}{chapter.1}% 4
\BOOKMARK [1][-]{section.1.4}{\376\377\000O\000r\000g\000a\000n\000i\000z\000a\000t\000i\000o\000n\000\040\000o\000f\000\040\000T\000h\000e\000s\000i\000s}{chapter.1}% 5
\BOOKMARK [0][-]{chapter.2}{\376\377\000D\000V\000W\000A\000\040\000V\000U\000L\000N\000E\000R\000A\000B\000I\000L\000I\000T\000I\000E\000S}{}% 6
\BOOKMARK [1][-]{section.2.1}{\376\377\000B\000r\000u\000t\000e\000\040\000F\000o\000r\000c\000e}{chapter.2}% 7
\BOOKMARK [2][-]{subsection.2.1.1}{\376\377\000O\000v\000e\000r\000v\000i\000e\000w}{section.2.1}% 8
\BOOKMARK [2][-]{subsection.2.1.2}{\376\377\000L\000o\000w\000\040\000a\000n\000d\000\040\000m\000e\000d\000i\000u\000m\000\040\000l\000e\000v\000e\000l}{section.2.1}% 9
\BOOKMARK [2][-]{subsection.2.1.3}{\376\377\000H\000i\000g\000h\000\040\000l\000e\000v\000e\000l}{section.2.1}% 10
\BOOKMARK [1][-]{section.2.2}{\376\377\000C\000o\000m\000m\000a\000n\000d\000\040\000i\000n\000j\000e\000c\000t\000i\000o\000n}{chapter.2}% 11
\BOOKMARK [2][-]{subsection.2.2.1}{\376\377\000O\000v\000e\000r\000v\000i\000e\000w}{section.2.2}% 12
\BOOKMARK [2][-]{subsection.2.2.2}{\376\377\000L\000o\000w\000\040\000l\000e\000v\000e\000l}{section.2.2}% 13
\BOOKMARK [2][-]{subsection.2.2.3}{\376\377\000M\000e\000d\000i\000u\000m\000\040\000l\000e\000v\000e\000l}{section.2.2}% 14
\BOOKMARK [2][-]{subsection.2.2.4}{\376\377\000H\000i\000g\000h\000\040\000l\000e\000v\000e\000l}{section.2.2}% 15
\BOOKMARK [1][-]{section.2.3}{\376\377\000C\000S\000R\000F}{chapter.2}% 16
\BOOKMARK [2][-]{subsection.2.3.1}{\376\377\000O\000v\000e\000r\000v\000i\000e\000w}{section.2.3}% 17
\BOOKMARK [2][-]{subsection.2.3.2}{\376\377\000L\000o\000w\000\040\000l\000e\000v\000e\000l}{section.2.3}% 18
\BOOKMARK [2][-]{subsection.2.3.3}{\376\377\000M\000e\000d\000i\000u\000m\000\040\000l\000e\000v\000e\000l}{section.2.3}% 19
\BOOKMARK [2][-]{subsection.2.3.4}{\376\377\000H\000i\000g\000h\000\040\000l\000e\000v\000e\000l}{section.2.3}% 20
\BOOKMARK [1][-]{section.2.4}{\376\377\000F\000i\000l\000e\000\040\000i\000n\000c\000l\000u\000s\000i\000o\000n}{chapter.2}% 21
\BOOKMARK [2][-]{subsection.2.4.1}{\376\377\000O\000v\000e\000r\000v\000i\000e\000w}{section.2.4}% 22
\BOOKMARK [2][-]{subsection.2.4.2}{\376\377\000L\000o\000w\000\040\000l\000e\000v\000e\000l}{section.2.4}% 23
\BOOKMARK [2][-]{subsection.2.4.3}{\376\377\000M\000e\000d\000i\000u\000m\000\040\000l\000e\000v\000e\000l}{section.2.4}% 24
\BOOKMARK [2][-]{subsection.2.4.4}{\376\377\000H\000i\000g\000h\000\040\000l\000e\000v\000e\000l}{section.2.4}% 25
\BOOKMARK [1][-]{section.2.5}{\376\377\000F\000i\000l\000e\000\040\000U\000p\000l\000o\000a\000d\000\040\000V\000u\000l\000n\000e\000r\000a\000b\000i\000l\000i\000t\000i\000e\000s}{chapter.2}% 26
\BOOKMARK [2][-]{subsection.2.5.1}{\376\377\000O\000v\000e\000r\000v\000i\000e\000w}{section.2.5}% 27
\BOOKMARK [2][-]{subsection.2.5.2}{\376\377\000L\000o\000w\000\040\000l\000e\000v\000e\000l}{section.2.5}% 28
\BOOKMARK [2][-]{subsection.2.5.3}{\376\377\000M\000e\000d\000i\000u\000m\000\040\000l\000e\000v\000e\000l}{section.2.5}% 29
\BOOKMARK [1][-]{section.2.6}{\376\377\000I\000n\000s\000e\000c\000u\000r\000e\000\040\000C\000A\000P\000T\000C\000H\000A}{chapter.2}% 30
\BOOKMARK [2][-]{subsection.2.6.1}{\376\377\000O\000v\000e\000r\000v\000i\000e\000w}{section.2.6}% 31
\BOOKMARK [2][-]{subsection.2.6.2}{\376\377\000L\000o\000w\000\040\000l\000e\000v\000e\000l}{section.2.6}% 32
\BOOKMARK [2][-]{subsection.2.6.3}{\376\377\000M\000e\000d\000i\000u\000m\000\040\000l\000e\000v\000e\000l}{section.2.6}% 33
\BOOKMARK [2][-]{subsection.2.6.4}{\376\377\000H\000i\000g\000h\000\040\000l\000e\000v\000e\000l}{section.2.6}% 34
\BOOKMARK [1][-]{section.2.7}{\376\377\000S\000Q\000L\000\040\000I\000n\000j\000e\000c\000t\000i\000o\000n}{chapter.2}% 35
\BOOKMARK [2][-]{subsection.2.7.1}{\376\377\000O\000v\000e\000r\000v\000i\000e\000w}{section.2.7}% 36
\BOOKMARK [2][-]{subsection.2.7.2}{\376\377\000L\000o\000w\000\040\000l\000e\000v\000e\000l}{section.2.7}% 37
\BOOKMARK [2][-]{subsection.2.7.3}{\376\377\000M\000e\000d\000i\000u\000m\000\040\000l\000e\000v\000e\000l}{section.2.7}% 38
\BOOKMARK [2][-]{subsection.2.7.4}{\376\377\000H\000i\000g\000h\000\040\000l\000e\000v\000e\000l}{section.2.7}% 39
\BOOKMARK [1][-]{section.2.8}{\376\377\000B\000l\000i\000n\000d\000\040\000S\000Q\000L\000\040\000I\000n\000j\000e\000c\000t\000i\000o\000n}{chapter.2}% 40
\BOOKMARK [2][-]{subsection.2.8.1}{\376\377\000O\000v\000e\000r\000v\000i\000e\000w}{section.2.8}% 41
\BOOKMARK [2][-]{subsection.2.8.2}{\376\377\000L\000o\000w\000\040\000l\000e\000v\000e\000l}{section.2.8}% 42
\BOOKMARK [2][-]{subsection.2.8.3}{\376\377\000M\000e\000d\000i\000u\000m\000\040\000l\000e\000v\000e\000l}{section.2.8}% 43
\BOOKMARK [2][-]{subsection.2.8.4}{\376\377\000H\000i\000g\000h\000\040\000l\000e\000v\000e\000l}{section.2.8}% 44
\BOOKMARK [1][-]{section.2.9}{\376\377\000W\000e\000a\000k\000\040\000S\000e\000s\000s\000i\000o\000n\000\040\000I\000D}{chapter.2}% 45
\BOOKMARK [2][-]{subsection.2.9.1}{\376\377\000O\000v\000e\000r\000v\000i\000e\000w}{section.2.9}% 46
\BOOKMARK [2][-]{subsection.2.9.2}{\376\377\000L\000o\000w\000\040\000l\000e\000v\000e\000l}{section.2.9}% 47
\BOOKMARK [2][-]{subsection.2.9.3}{\376\377\000M\000e\000d\000i\000u\000m\000\040\000l\000e\000v\000e\000l}{section.2.9}% 48
\BOOKMARK [2][-]{subsection.2.9.4}{\376\377\000H\000i\000g\000h\000\040\000l\000e\000v\000e\000l}{section.2.9}% 49
\BOOKMARK [1][-]{section.2.10}{\376\377\000R\000e\000f\000l\000e\000c\000t\000e\000d\000\040\000X\000S\000S}{chapter.2}% 50
\BOOKMARK [2][-]{subsection.2.10.1}{\376\377\000O\000v\000e\000r\000v\000i\000e\000w}{section.2.10}% 51
\BOOKMARK [2][-]{subsection.2.10.2}{\376\377\000L\000o\000w\000\040\000l\000e\000v\000e\000l}{section.2.10}% 52
\BOOKMARK [2][-]{subsection.2.10.3}{\376\377\000M\000e\000d\000i\000u\000m\000\040\000l\000e\000v\000e\000l}{section.2.10}% 53
\BOOKMARK [2][-]{subsection.2.10.4}{\376\377\000H\000i\000g\000h\000\040\000l\000e\000v\000e\000l}{section.2.10}% 54
\BOOKMARK [1][-]{section.2.11}{\376\377\000S\000t\000o\000r\000e\000d\000\040\000X\000S\000S}{chapter.2}% 55
\BOOKMARK [2][-]{subsection.2.11.1}{\376\377\000O\000v\000e\000r\000v\000i\000e\000w}{section.2.11}% 56
\BOOKMARK [2][-]{subsection.2.11.2}{\376\377\000L\000o\000w\000\040\000l\000e\000v\000e\000l}{section.2.11}% 57
\BOOKMARK [2][-]{subsection.2.11.3}{\376\377\000M\000e\000d\000i\000u\000m\000\040\000l\000e\000v\000e\000l}{section.2.11}% 58
\BOOKMARK [2][-]{subsection.2.11.4}{\376\377\000H\000i\000g\000h\000\040\000l\000e\000v\000e\000l}{section.2.11}% 59
\BOOKMARK [1][-]{section.2.12}{\376\377\000D\000O\000M\000-\000b\000a\000s\000e\000d\000\040\000X\000S\000S}{chapter.2}% 60
\BOOKMARK [2][-]{subsection.2.12.1}{\376\377\000O\000v\000e\000r\000v\000i\000e\000w}{section.2.12}% 61
\BOOKMARK [2][-]{subsection.2.12.2}{\376\377\000L\000o\000w\000\040\000l\000e\000v\000e\000l}{section.2.12}% 62
\BOOKMARK [2][-]{subsection.2.12.3}{\376\377\000M\000e\000d\000i\000u\000m\000\040\000l\000e\000v\000e\000l}{section.2.12}% 63
\BOOKMARK [2][-]{subsection.2.12.4}{\376\377\000H\000i\000g\000h\000\040\000l\000e\000v\000e\000l}{section.2.12}% 64
\BOOKMARK [1][-]{section.2.13}{\376\377\000C\000S\000P\000\040\000B\000y\000p\000a\000s\000s}{chapter.2}% 65
\BOOKMARK [2][-]{subsection.2.13.1}{\376\377\000O\000v\000e\000r\000v\000i\000e\000w}{section.2.13}% 66
\BOOKMARK [2][-]{subsection.2.13.2}{\376\377\000L\000o\000w\000\040\000l\000e\000v\000e\000l}{section.2.13}% 67
\BOOKMARK [2][-]{subsection.2.13.3}{\376\377\000M\000e\000d\000i\000u\000m\000\040\000l\000e\000v\000e\000l}{section.2.13}% 68
\BOOKMARK [2][-]{subsection.2.13.4}{\376\377\000H\000i\000g\000h\000\040\000l\000e\000v\000e\000l}{section.2.13}% 69
\BOOKMARK [1][-]{section.2.14}{\376\377\000J\000a\000v\000a\000S\000c\000r\000i\000p\000t\000\040\000A\000t\000t\000a\000c\000k\000s}{chapter.2}% 70
\BOOKMARK [2][-]{subsection.2.14.1}{\376\377\000O\000v\000e\000r\000v\000i\000e\000w}{section.2.14}% 71
\BOOKMARK [2][-]{subsection.2.14.2}{\376\377\000L\000o\000w\000\040\000l\000e\000v\000e\000l}{section.2.14}% 72
\BOOKMARK [2][-]{subsection.2.14.3}{\376\377\000M\000e\000d\000i\000u\000m\000\040\000l\000e\000v\000e\000l}{section.2.14}% 73
\BOOKMARK [2][-]{subsection.2.14.4}{\376\377\000H\000i\000g\000h\000\040\000l\000e\000v\000e\000l}{section.2.14}% 74
\BOOKMARK [1][-]{section.2.15}{\376\377\000A\000u\000t\000h\000o\000r\000i\000z\000a\000t\000i\000o\000n\000\040\000B\000y\000p\000a\000s\000s}{chapter.2}% 75
\BOOKMARK [2][-]{subsection.2.15.1}{\376\377\000O\000v\000e\000r\000v\000i\000e\000w}{section.2.15}% 76
\BOOKMARK [2][-]{subsection.2.15.2}{\376\377\000L\000o\000w\000\040\000l\000e\000v\000e\000l}{section.2.15}% 77
\BOOKMARK [2][-]{subsection.2.15.3}{\376\377\000M\000e\000d\000i\000u\000m\000\040\000l\000e\000v\000e\000l}{section.2.15}% 78
\BOOKMARK [2][-]{subsection.2.15.4}{\376\377\000H\000i\000g\000h\000\040\000l\000e\000v\000e\000l}{section.2.15}% 79
\BOOKMARK [1][-]{section.2.16}{\376\377\000H\000T\000T\000P\000\040\000R\000e\000d\000i\000r\000e\000c\000t}{chapter.2}% 80
\BOOKMARK [2][-]{subsection.2.16.1}{\376\377\000O\000v\000e\000r\000v\000i\000e\000w}{section.2.16}% 81
\BOOKMARK [2][-]{subsection.2.16.2}{\376\377\000L\000o\000w\000\040\000l\000e\000v\000e\000l}{section.2.16}% 82
\BOOKMARK [2][-]{subsection.2.16.3}{\376\377\000M\000e\000d\000i\000u\000m\000\040\000l\000e\000v\000e\000l}{section.2.16}% 83
\BOOKMARK [2][-]{subsection.2.16.4}{\376\377\000H\000i\000g\000h\000\040\000l\000e\000v\000e\000l}{section.2.16}% 84
\BOOKMARK [1][-]{section.2.17}{\376\377\000C\000r\000y\000p\000t\000o\000g\000r\000a\000p\000h\000y\000\040\000I\000s\000s\000u\000e\000s}{chapter.2}% 85
\BOOKMARK [2][-]{subsection.2.17.1}{\376\377\000O\000v\000e\000r\000v\000i\000e\000w}{section.2.17}% 86
\BOOKMARK [2][-]{subsection.2.17.2}{\376\377\000L\000o\000w\000\040\000l\000e\000v\000e\000l}{section.2.17}% 87
\BOOKMARK [2][-]{subsection.2.17.3}{\376\377\000M\000e\000d\000i\000u\000m\000\040\000l\000e\000v\000e\000l}{section.2.17}% 88
\BOOKMARK [2][-]{subsection.2.17.4}{\376\377\000H\000i\000g\000h\000\040\000l\000e\000v\000e\000l}{section.2.17}% 89
\BOOKMARK [1][-]{section.2.18}{\376\377\000A\000P\000I\000\040\000S\000e\000c\000u\000r\000i\000t\000y\000\040\000I\000s\000s\000u\000e\000s}{chapter.2}% 90
\BOOKMARK [2][-]{subsection.2.18.1}{\376\377\000O\000v\000e\000r\000v\000i\000e\000w}{section.2.18}% 91
\BOOKMARK [2][-]{subsection.2.18.2}{\376\377\000L\000o\000w\000\040\000l\000e\000v\000e\000l}{section.2.18}% 92
\BOOKMARK [2][-]{subsection.2.18.3}{\376\377\000M\000e\000d\000i\000u\000m\000\040\000l\000e\000v\000e\000l}{section.2.18}% 93
\BOOKMARK [2][-]{subsection.2.18.4}{\376\377\000H\000i\000g\000h\000\040\000l\000e\000v\000e\000l}{section.2.18}% 94
\BOOKMARK [0][-]{chapter.3}{\376\377\000M\000o\000d\000S\000e\000c\000u\000r\000i\000t\000y\000\040\000r\000u\000l\000e\000s}{}% 95
\BOOKMARK [1][-]{section.3.1}{\376\377\000O\000v\000e\000r\000v\000i\000e\000w}{chapter.3}% 96
\BOOKMARK [1][-]{section.3.2}{\376\377\000B\000r\000u\000t\000e\000f\000o\000r\000c\000e}{chapter.3}% 97
\BOOKMARK [1][-]{section.3.3}{\376\377\000C\000o\000m\000m\000a\000n\000d\000\040\000i\000n\000j\000e\000c\000t\000i\000o\000n}{chapter.3}% 98
\BOOKMARK [1][-]{section.3.4}{\376\377\000F\000i\000l\000e\000\040\000i\000n\000c\000l\000u\000s\000i\000o\000n}{chapter.3}% 99
\BOOKMARK [1][-]{section.3.5}{\376\377\000F\000i\000l\000e\000\040\000u\000p\000l\000o\000a\000d}{chapter.3}% 100
\BOOKMARK [1][-]{section.3.6}{\376\377\000S\000Q\000L\000\040\000i\000n\000j\000e\000c\000t\000i\000o\000n}{chapter.3}% 101
\BOOKMARK [1][-]{section.3.7}{\376\377\000X\000S\000S}{chapter.3}% 102
