\BOOKMARK [1][-]{section.0.1}{\376\377\000B\000r\000u\000t\000e\000\040\000F\000o\000r\000c\000e}{}% 1
\BOOKMARK [2][-]{subsection.0.1.1}{\376\377\000O\000v\000e\000r\000v\000i\000e\000w}{section.0.1}% 2
\BOOKMARK [2][-]{subsection.0.1.2}{\376\377\000L\000o\000w\000\040\000a\000n\000d\000\040\000m\000e\000d\000i\000u\000m\000\040\000l\000e\000v\000e\000l}{section.0.1}% 3
\BOOKMARK [2][-]{subsection.0.1.3}{\376\377\000H\000i\000g\000h\000\040\000l\000e\000v\000e\000l}{section.0.1}% 4
\BOOKMARK [1][-]{section.0.2}{\376\377\000C\000o\000m\000m\000a\000n\000d\000\040\000i\000n\000j\000e\000c\000t\000i\000o\000n}{}% 5
\BOOKMARK [2][-]{subsection.0.2.1}{\376\377\000O\000v\000e\000r\000v\000i\000e\000w}{section.0.2}% 6
\BOOKMARK [2][-]{subsection.0.2.2}{\376\377\000L\000o\000w\000\040\000l\000e\000v\000e\000l}{section.0.2}% 7
\BOOKMARK [2][-]{subsection.0.2.3}{\376\377\000M\000e\000d\000i\000u\000m\000\040\000l\000e\000v\000e\000l}{section.0.2}% 8
\BOOKMARK [2][-]{subsection.0.2.4}{\376\377\000H\000i\000g\000h\000\040\000l\000e\000v\000e\000l}{section.0.2}% 9
\BOOKMARK [1][-]{section.0.3}{\376\377\000C\000S\000R\000F}{}% 10
\BOOKMARK [2][-]{subsection.0.3.1}{\376\377\000O\000v\000e\000r\000v\000i\000e\000w}{section.0.3}% 11
\BOOKMARK [2][-]{subsection.0.3.2}{\376\377\000L\000o\000w\000\040\000l\000e\000v\000e\000l}{section.0.3}% 12
\BOOKMARK [2][-]{subsection.0.3.3}{\376\377\000M\000e\000d\000i\000u\000m\000\040\000l\000e\000v\000e\000l}{section.0.3}% 13
\BOOKMARK [2][-]{subsection.0.3.4}{\376\377\000H\000i\000g\000h\000\040\000l\000e\000v\000e\000l}{section.0.3}% 14
\BOOKMARK [1][-]{section.0.4}{\376\377\000F\000i\000l\000e\000\040\000i\000n\000c\000l\000u\000s\000i\000o\000n}{}% 15
\BOOKMARK [2][-]{subsection.0.4.1}{\376\377\000O\000v\000e\000r\000v\000i\000e\000w}{section.0.4}% 16
\BOOKMARK [2][-]{subsection.0.4.2}{\376\377\000L\000o\000w\000\040\000l\000e\000v\000e\000l}{section.0.4}% 17
\BOOKMARK [2][-]{subsection.0.4.3}{\376\377\000M\000e\000d\000i\000u\000m\000\040\000l\000e\000v\000e\000l}{section.0.4}% 18
\BOOKMARK [2][-]{subsection.0.4.4}{\376\377\000H\000i\000g\000h\000\040\000l\000e\000v\000e\000l}{section.0.4}% 19
\BOOKMARK [1][-]{section.0.5}{\376\377\000F\000i\000l\000e\000\040\000U\000p\000l\000o\000a\000d\000\040\000V\000u\000l\000n\000e\000r\000a\000b\000i\000l\000i\000t\000i\000e\000s}{}% 20
\BOOKMARK [2][-]{subsection.0.5.1}{\376\377\000O\000v\000e\000r\000v\000i\000e\000w}{section.0.5}% 21
\BOOKMARK [2][-]{subsection.0.5.2}{\376\377\000L\000o\000w\000\040\000l\000e\000v\000e\000l}{section.0.5}% 22
\BOOKMARK [2][-]{subsection.0.5.3}{\376\377\000M\000e\000d\000i\000u\000m\000\040\000l\000e\000v\000e\000l}{section.0.5}% 23
\BOOKMARK [1][-]{section.0.6}{\376\377\000I\000n\000s\000e\000c\000u\000r\000e\000\040\000C\000A\000P\000T\000C\000H\000A}{}% 24
\BOOKMARK [2][-]{subsection.0.6.1}{\376\377\000O\000v\000e\000r\000v\000i\000e\000w}{section.0.6}% 25
\BOOKMARK [2][-]{subsection.0.6.2}{\376\377\000L\000o\000w\000\040\000l\000e\000v\000e\000l}{section.0.6}% 26
\BOOKMARK [2][-]{subsection.0.6.3}{\376\377\000M\000e\000d\000i\000u\000m\000\040\000l\000e\000v\000e\000l}{section.0.6}% 27
\BOOKMARK [2][-]{subsection.0.6.4}{\376\377\000H\000i\000g\000h\000\040\000l\000e\000v\000e\000l}{section.0.6}% 28
\BOOKMARK [1][-]{section.0.7}{\376\377\000S\000Q\000L\000\040\000I\000n\000j\000e\000c\000t\000i\000o\000n}{}% 29
\BOOKMARK [2][-]{subsection.0.7.1}{\376\377\000O\000v\000e\000r\000v\000i\000e\000w}{section.0.7}% 30
\BOOKMARK [2][-]{subsection.0.7.2}{\376\377\000L\000o\000w\000\040\000l\000e\000v\000e\000l}{section.0.7}% 31
\BOOKMARK [2][-]{subsection.0.7.3}{\376\377\000M\000e\000d\000i\000u\000m\000\040\000l\000e\000v\000e\000l}{section.0.7}% 32
\BOOKMARK [2][-]{subsection.0.7.4}{\376\377\000H\000i\000g\000h\000\040\000l\000e\000v\000e\000l}{section.0.7}% 33
\BOOKMARK [1][-]{section.0.8}{\376\377\000B\000l\000i\000n\000d\000\040\000S\000Q\000L\000\040\000I\000n\000j\000e\000c\000t\000i\000o\000n}{}% 34
\BOOKMARK [2][-]{subsection.0.8.1}{\376\377\000O\000v\000e\000r\000v\000i\000e\000w}{section.0.8}% 35
\BOOKMARK [2][-]{subsection.0.8.2}{\376\377\000L\000o\000w\000\040\000l\000e\000v\000e\000l}{section.0.8}% 36
\BOOKMARK [2][-]{subsection.0.8.3}{\376\377\000M\000e\000d\000i\000u\000m\000\040\000l\000e\000v\000e\000l}{section.0.8}% 37
\BOOKMARK [2][-]{subsection.0.8.4}{\376\377\000H\000i\000g\000h\000\040\000l\000e\000v\000e\000l}{section.0.8}% 38
\BOOKMARK [1][-]{section.0.9}{\376\377\000W\000e\000a\000k\000\040\000S\000e\000s\000s\000i\000o\000n\000\040\000I\000D}{}% 39
\BOOKMARK [2][-]{subsection.0.9.1}{\376\377\000O\000v\000e\000r\000v\000i\000e\000w}{section.0.9}% 40
\BOOKMARK [2][-]{subsection.0.9.2}{\376\377\000L\000o\000w\000\040\000l\000e\000v\000e\000l}{section.0.9}% 41
\BOOKMARK [2][-]{subsection.0.9.3}{\376\377\000M\000e\000d\000i\000u\000m\000\040\000l\000e\000v\000e\000l}{section.0.9}% 42
\BOOKMARK [2][-]{subsection.0.9.4}{\376\377\000H\000i\000g\000h\000\040\000l\000e\000v\000e\000l}{section.0.9}% 43
\BOOKMARK [1][-]{section.0.10}{\376\377\000S\000t\000o\000r\000e\000d\000\040\000X\000S\000S}{}% 44
\BOOKMARK [2][-]{subsection.0.10.1}{\376\377\000O\000v\000e\000r\000v\000i\000e\000w}{section.0.10}% 45
\BOOKMARK [2][-]{subsection.0.10.2}{\376\377\000L\000o\000w\000\040\000l\000e\000v\000e\000l}{section.0.10}% 46
\BOOKMARK [2][-]{subsection.0.10.3}{\376\377\000M\000e\000d\000i\000u\000m\000\040\000l\000e\000v\000e\000l}{section.0.10}% 47
\BOOKMARK [2][-]{subsection.0.10.4}{\376\377\000H\000i\000g\000h\000\040\000l\000e\000v\000e\000l}{section.0.10}% 48
\BOOKMARK [1][-]{section.0.11}{\376\377\000R\000e\000f\000l\000e\000c\000t\000e\000d\000\040\000X\000S\000S}{}% 49
\BOOKMARK [2][-]{subsection.0.11.1}{\376\377\000O\000v\000e\000r\000v\000i\000e\000w}{section.0.11}% 50
\BOOKMARK [2][-]{subsection.0.11.2}{\376\377\000L\000o\000w\000\040\000l\000e\000v\000e\000l}{section.0.11}% 51
\BOOKMARK [2][-]{subsection.0.11.3}{\376\377\000M\000e\000d\000i\000u\000m\000\040\000l\000e\000v\000e\000l}{section.0.11}% 52
\BOOKMARK [2][-]{subsection.0.11.4}{\376\377\000H\000i\000g\000h\000\040\000l\000e\000v\000e\000l}{section.0.11}% 53
\BOOKMARK [1][-]{section.0.12}{\376\377\000D\000O\000M\000-\000b\000a\000s\000e\000d\000\040\000X\000S\000S}{}% 54
\BOOKMARK [2][-]{subsection.0.12.1}{\376\377\000O\000v\000e\000r\000v\000i\000e\000w}{section.0.12}% 55
\BOOKMARK [2][-]{subsection.0.12.2}{\376\377\000L\000o\000w\000\040\000l\000e\000v\000e\000l}{section.0.12}% 56
\BOOKMARK [2][-]{subsection.0.12.3}{\376\377\000M\000e\000d\000i\000u\000m\000\040\000l\000e\000v\000e\000l}{section.0.12}% 57
\BOOKMARK [2][-]{subsection.0.12.4}{\376\377\000H\000i\000g\000h\000\040\000l\000e\000v\000e\000l}{section.0.12}% 58
\BOOKMARK [1][-]{section.0.13}{\376\377\000C\000S\000P\000\040\000B\000y\000p\000a\000s\000s}{}% 59
\BOOKMARK [2][-]{subsection.0.13.1}{\376\377\000O\000v\000e\000r\000v\000i\000e\000w}{section.0.13}% 60
\BOOKMARK [2][-]{subsection.0.13.2}{\376\377\000L\000o\000w\000\040\000l\000e\000v\000e\000l}{section.0.13}% 61
\BOOKMARK [2][-]{subsection.0.13.3}{\376\377\000M\000e\000d\000i\000u\000m\000\040\000l\000e\000v\000e\000l}{section.0.13}% 62
\BOOKMARK [2][-]{subsection.0.13.4}{\376\377\000H\000i\000g\000h\000\040\000l\000e\000v\000e\000l}{section.0.13}% 63
\BOOKMARK [1][-]{section.0.14}{\376\377\000J\000a\000v\000a\000S\000c\000r\000i\000p\000t\000\040\000A\000t\000t\000a\000c\000k\000s}{}% 64
\BOOKMARK [2][-]{subsection.0.14.1}{\376\377\000O\000v\000e\000r\000v\000i\000e\000w}{section.0.14}% 65
\BOOKMARK [2][-]{subsection.0.14.2}{\376\377\000L\000o\000w\000\040\000l\000e\000v\000e\000l}{section.0.14}% 66
\BOOKMARK [2][-]{subsection.0.14.3}{\376\377\000M\000e\000d\000i\000u\000m\000\040\000l\000e\000v\000e\000l}{section.0.14}% 67
\BOOKMARK [2][-]{subsection.0.14.4}{\376\377\000H\000i\000g\000h\000\040\000l\000e\000v\000e\000l}{section.0.14}% 68
\BOOKMARK [1][-]{section.0.15}{\376\377\000A\000u\000t\000h\000o\000r\000i\000z\000a\000t\000i\000o\000n\000\040\000B\000y\000p\000a\000s\000s}{}% 69
\BOOKMARK [2][-]{subsection.0.15.1}{\376\377\000O\000v\000e\000r\000v\000i\000e\000w}{section.0.15}% 70
\BOOKMARK [2][-]{subsection.0.15.2}{\376\377\000L\000o\000w\000\040\000l\000e\000v\000e\000l}{section.0.15}% 71
\BOOKMARK [2][-]{subsection.0.15.3}{\376\377\000M\000e\000d\000i\000u\000m\000\040\000l\000e\000v\000e\000l}{section.0.15}% 72
\BOOKMARK [2][-]{subsection.0.15.4}{\376\377\000H\000i\000g\000h\000\040\000l\000e\000v\000e\000l}{section.0.15}% 73
\BOOKMARK [1][-]{section.0.16}{\376\377\000H\000T\000T\000P\000\040\000R\000e\000d\000i\000r\000e\000c\000t}{}% 74
\BOOKMARK [2][-]{subsection.0.16.1}{\376\377\000O\000v\000e\000r\000v\000i\000e\000w}{section.0.16}% 75
\BOOKMARK [2][-]{subsection.0.16.2}{\376\377\000L\000o\000w\000\040\000l\000e\000v\000e\000l}{section.0.16}% 76
\BOOKMARK [2][-]{subsection.0.16.3}{\376\377\000M\000e\000d\000i\000u\000m\000\040\000l\000e\000v\000e\000l}{section.0.16}% 77
\BOOKMARK [2][-]{subsection.0.16.4}{\376\377\000H\000i\000g\000h\000\040\000l\000e\000v\000e\000l}{section.0.16}% 78
\BOOKMARK [1][-]{section.0.17}{\376\377\000C\000r\000y\000p\000t\000o\000g\000r\000a\000p\000h\000y\000\040\000I\000s\000s\000u\000e\000s}{}% 79
\BOOKMARK [2][-]{subsection.0.17.1}{\376\377\000O\000v\000e\000r\000v\000i\000e\000w}{section.0.17}% 80
\BOOKMARK [2][-]{subsection.0.17.2}{\376\377\000L\000o\000w\000\040\000l\000e\000v\000e\000l}{section.0.17}% 81
\BOOKMARK [2][-]{subsection.0.17.3}{\376\377\000M\000e\000d\000i\000u\000m\000\040\000l\000e\000v\000e\000l}{section.0.17}% 82
\BOOKMARK [2][-]{subsection.0.17.4}{\376\377\000H\000i\000g\000h\000\040\000l\000e\000v\000e\000l}{section.0.17}% 83
\BOOKMARK [1][-]{section.0.18}{\376\377\000A\000P\000I\000\040\000S\000e\000c\000u\000r\000i\000t\000y\000\040\000I\000s\000s\000u\000e\000s}{}% 84
\BOOKMARK [2][-]{subsection.0.18.1}{\376\377\000O\000v\000e\000r\000v\000i\000e\000w}{section.0.18}% 85
\BOOKMARK [2][-]{subsection.0.18.2}{\376\377\000L\000o\000w\000\040\000l\000e\000v\000e\000l}{section.0.18}% 86
\BOOKMARK [2][-]{subsection.0.18.3}{\376\377\000M\000e\000d\000i\000u\000m\000\040\000l\000e\000v\000e\000l}{section.0.18}% 87
\BOOKMARK [2][-]{subsection.0.18.4}{\376\377\000H\000i\000g\000h\000\040\000l\000e\000v\000e\000l}{section.0.18}% 88
